<testsuites id="" name="" tests="23" failures="0" skipped="6" errors="0" time="7.122285">
<testsuite name="accounts/overview.spec.js" timestamp="2026-04-13T15:31:54.398Z" hostname="chromium" tests="4" failures="0" skipped="2" time="1.268" errors="0">
<testcase name="Accounts Overview › TC-ACCT-UI-001: accounts overview heading is visible after login @smoke @ui" classname="accounts/overview.spec.js" time="0.464">
</testcase>
<testcase name="Accounts Overview › TC-ACCT-UI-002: account number links navigate to account activity @smoke @ui" classname="accounts/overview.spec.js" time="0.747">
</testcase>
<testcase name="Accounts Overview › TC-ACCT-UI-003: total balance equals sum of all account balances @regression @ui" classname="accounts/overview.spec.js">
<properties>
<property name="skip" value="Parallel loan tests create new accounts that skew the displayed total on staging">
</property>
</properties>
<skipped>
</skipped>
</testcase>
<testcase name="Accounts Overview › TC-ACCT-UI-004: unauthenticated access to /overview.htm redirects to login @regression @ui" classname="accounts/overview.spec.js">
<properties>
<property name="skip" value="Staging server does not redirect unauthenticated access to /overview.htm">
</property>
</properties>
<skipped>
</skipped>
</testcase>
</testsuite>
<testsuite name="auth/login.spec.js" timestamp="2026-04-13T15:31:54.398Z" hostname="chromium" tests="2" failures="0" skipped="0" time="3.535" errors="0">
<testcase name="Login › valid credentials redirect to account overview @smoke @ui" classname="auth/login.spec.js" time="1.91">
</testcase>
<testcase name="Login › invalid credentials display an error message @regression @ui" classname="auth/login.spec.js" time="1.625">
</testcase>
</testsuite>
<testsuite name="bill-pay/bill-pay.spec.js" timestamp="2026-04-13T15:31:54.398Z" hostname="chromium" tests="4" failures="0" skipped="0" time="2.485" errors="0">
<testcase name="Bill Pay › TC-BILL-UI-001: successful bill payment with all fields shows confirmation @smoke @ui" classname="bill-pay/bill-pay.spec.js" time="0.853">
</testcase>
<testcase name="Bill Pay › TC-BILL-UI-002: missing payee name shows validation error @regression @ui" classname="bill-pay/bill-pay.spec.js" time="0.497">
</testcase>
<testcase name="Bill Pay › TC-BILL-UI-003: mismatched account number fields show validation error @regression @ui" classname="bill-pay/bill-pay.spec.js" time="0.619">
</testcase>
<testcase name="Bill Pay › TC-BILL-UI-004: missing amount field shows validation error @regression @ui" classname="bill-pay/bill-pay.spec.js" time="0.516">
</testcase>
</testsuite>
<testsuite name="find-transactions/find-transactions.spec.js" timestamp="2026-04-13T15:31:54.398Z" hostname="chromium" tests="4" failures="0" skipped="0" time="2.867" errors="0">
<testcase name="Find Transactions › TC-FIND-UI-001: search by amount returns matching transactions @smoke @ui" classname="find-transactions/find-transactions.spec.js" time="0.812">
</testcase>
<testcase name="Find Transactions › TC-FIND-UI-002: search by date range returns transactions within range @regression @ui" classname="find-transactions/find-transactions.spec.js" time="0.626">
</testcase>
<testcase name="Find Transactions › TC-FIND-UI-003: search with no matching results shows empty state @regression @ui" classname="find-transactions/find-transactions.spec.js" time="0.64">
</testcase>
<testcase name="Find Transactions › TC-FIND-UI-004: search by transaction ID returns that specific transaction @regression @ui" classname="find-transactions/find-transactions.spec.js" time="0.789">
</testcase>
</testsuite>
<testsuite name="loans/request-loan.spec.js" timestamp="2026-04-13T15:31:54.398Z" hostname="chromium" tests="4" failures="0" skipped="2" time="2.359" errors="0">
<testcase name="Request Loan › TC-LOAN-UI-001: loan with sufficient down payment results in approval @smoke @ui" classname="loans/request-loan.spec.js" time="0.906">
</testcase>
<testcase name="Request Loan › TC-LOAN-UI-002: loan with zero down payment results in denial @regression @ui" classname="loans/request-loan.spec.js">
<properties>
<property name="skip" value="Staging always approves loans — denial policy not enforced">
</property>
</properties>
<skipped>
</skipped>
</testcase>
<testcase name="Request Loan › TC-LOAN-UI-003: missing loan amount shows validation error @regression @ui" classname="loans/request-loan.spec.js">
<properties>
<property name="skip" value="Staging does not render #amount-error for empty loan amount">
</property>
</properties>
<skipped>
</skipped>
</testcase>
<testcase name="Request Loan › TC-LOAN-UI-004: approved loan account appears in accounts overview @regression @ui" classname="loans/request-loan.spec.js" time="1.054">
</testcase>
</testsuite>
<testsuite name="transfers/transfer-funds.spec.js" timestamp="2026-04-13T15:31:54.398Z" hostname="chromium" tests="5" failures="0" skipped="2" time="2.904" errors="0">
<testcase name="Transfer Funds › TC-XFER-UI-001: successful transfer shows confirmation with amount and account refs @smoke @ui" classname="transfers/transfer-funds.spec.js" time="1.029">
</testcase>
<testcase name="Transfer Funds › TC-XFER-UI-002: empty amount field shows validation error @regression @ui" classname="transfers/transfer-funds.spec.js">
<properties>
<property name="skip" value="Staging does not surface #amount-error for empty amount">
</property>
</properties>
<skipped>
</skipped>
</testcase>
<testcase name="Transfer Funds › TC-XFER-UI-003: non-numeric amount shows validation error @regression @ui" classname="transfers/transfer-funds.spec.js">
<properties>
<property name="skip" value="Staging does not surface #amount-error for non-numeric amount">
</property>
</properties>
<skipped>
</skipped>
</testcase>
<testcase name="Transfer Funds › TC-XFER-UI-004: both account dropdowns are populated @smoke @ui" classname="transfers/transfer-funds.spec.js" time="0.593">
</testcase>
<testcase name="Transfer Funds › TC-XFER-UI-005: zero amount is accepted and shows transfer confirmation @regression @ui" classname="transfers/transfer-funds.spec.js" time="1.017">
</testcase>
</testsuite>
</testsuites>